<?xml version="1.0" encoding="UTF-8"?>
<!-- Generated by org.testng.reporters.JUnitXMLReporter -->
<testsuite ignored="4" hostname="DESKTOP-4DTVSHD" failures="0" tests="4" name="ithan test name" time="0.278" errors="0" timestamp="2024-04-08T01:56:45 IST">
  <testcase classname="testNG.GroupingTestcasess" name="motto1" time="0.066"/>
  <testcase classname="testNG.GroupingTestcasess" name="motto2" time="0.015"/>
  <testcase classname="testNG.GroupingTestcasess" name="vivo1" time="0.012"/>
  <testcase classname="testNG.GroupingTestcasess" name="vivo2" time="0.014"/>
  <testcase classname="testNG.GroupingTestcasess" name="lenovo1" time="0.0">
    <ignored/>
  </testcase> <!-- lenovo1 -->
  <testcase classname="testNG.GroupingTestcasess" name="apple1" time="0.0">
    <ignored/>
  </testcase> <!-- apple1 -->
  <testcase classname="testNG.GroupingTestcasess" name="lenova2" time="0.0">
    <ignored/>
  </testcase> <!-- lenova2 -->
  <testcase classname="testNG.GroupingTestcasess" name="apple2" time="0.0">
    <ignored/>
  </testcase> <!-- apple2 -->
</testsuite> <!-- ithan test name -->
