<?xml version="1.0" encoding="UTF-8"?>
<testng-results ignored="0" total="2" passed="1" failed="1" skipped="0">
  <reporter-output>
  </reporter-output>
  <suite started-at="2024-04-14T01:00:05 IST" name="Default suite" finished-at="2024-04-14T01:00:12 IST" duration-ms="6231">
    <groups>
    </groups>
    <test started-at="2024-04-14T01:00:05 IST" name="Default test" finished-at="2024-04-14T01:00:12 IST" duration-ms="6231">
      <class name="interviewquestions.SeleniumInterviewQuestionsSignificanceofalwaysRunAttribute">
        <test-method signature="parentsPermission()[pri:0, instance:interviewquestions.SeleniumInterviewQuestionsSignificanceofalwaysRunAttribute@4f209819]" started-at="2024-04-14T01:00:05 IST" name="parentsPermission" finished-at="2024-04-14T01:00:07 IST" duration-ms="2055" status="FAIL">
          <exception class="org.testng.internal.thread.ThreadTimeoutException">
            <message>
              <![CDATA[Method interviewquestions.SeleniumInterviewQuestionsSignificanceofalwaysRunAttribute.parentsPermission() didn't finish within the time-out 2000]]>
            </message>
            <full-stacktrace>
              <![CDATA[org.testng.internal.thread.ThreadTimeoutException: Method interviewquestions.SeleniumInterviewQuestionsSignificanceofalwaysRunAttribute.parentsPermission() didn't finish within the time-out 2000
at org.testng.internal.MethodInvocationHelper.invokeWithTimeoutWithNewExecutor(MethodInvocationHelper.java:371)
at org.testng.internal.MethodInvocationHelper.invokeWithTimeout(MethodInvocationHelper.java:282)
at org.testng.internal.TestInvoker.invokeMethod(TestInvoker.java:605)
at org.testng.internal.TestInvoker.invokeTestMethod(TestInvoker.java:174)
at org.testng.internal.MethodRunner.runInSequence(MethodRunner.java:46)
at org.testng.internal.TestInvoker$MethodInvocationAgent.invoke(TestInvoker.java:822)
at org.testng.internal.TestInvoker.invokeTestMethods(TestInvoker.java:147)
at org.testng.internal.TestMethodWorker.invokeTestMethods(TestMethodWorker.java:146)
at org.testng.internal.TestMethodWorker.run(TestMethodWorker.java:128)
at java.base/java.util.ArrayList.forEach(ArrayList.java:1596)
at org.testng.TestRunner.privateRun(TestRunner.java:764)
at org.testng.TestRunner.run(TestRunner.java:585)
at org.testng.SuiteRunner.runTest(SuiteRunner.java:384)
at org.testng.SuiteRunner.runSequentially(SuiteRunner.java:378)
at org.testng.SuiteRunner.privateRun(SuiteRunner.java:337)
at org.testng.SuiteRunner.run(SuiteRunner.java:286)
at org.testng.SuiteRunnerWorker.runSuite(SuiteRunnerWorker.java:53)
at org.testng.SuiteRunnerWorker.run(SuiteRunnerWorker.java:96)
at org.testng.TestNG.runSuitesSequentially(TestNG.java:1218)
at org.testng.TestNG.runSuitesLocally(TestNG.java:1140)
at org.testng.TestNG.runSuites(TestNG.java:1069)
at org.testng.TestNG.run(TestNG.java:1037)
at org.testng.remote.AbstractRemoteTestNG.run(AbstractRemoteTestNG.java:115)
at org.testng.remote.RemoteTestNG.initAndRun(RemoteTestNG.java:251)
at org.testng.remote.RemoteTestNG.main(RemoteTestNG.java:77)
]]>
            </full-stacktrace>
          </exception> <!-- org.testng.internal.thread.ThreadTimeoutException -->
          <reporter-output>
          </reporter-output>
        </test-method> <!-- parentsPermission -->
        <test-method signature="loveMarriage()[pri:0, instance:interviewquestions.SeleniumInterviewQuestionsSignificanceofalwaysRunAttribute@4f209819]" started-at="2024-04-14T01:00:07 IST" name="loveMarriage" finished-at="2024-04-14T01:00:11 IST" depends-on-methods="interviewquestions.SeleniumInterviewQuestionsSignificanceofalwaysRunAttribute.parentsPermission" duration-ms="4034" status="PASS">
          <reporter-output>
          </reporter-output>
        </test-method> <!-- loveMarriage -->
      </class> <!-- interviewquestions.SeleniumInterviewQuestionsSignificanceofalwaysRunAttribute -->
    </test> <!-- Default test -->
  </suite> <!-- Default suite -->
</testng-results>
