<?xml version="1.0" encoding="UTF-8"?>
<testng-results ignored="0" total="1" passed="1" failed="0" skipped="0">
  <reporter-output>
  </reporter-output>
  <suite started-at="2024-04-20T07:43:56Z" name="Default suite" finished-at="2024-04-20T07:44:28Z" duration-ms="32182">
    <groups>
    </groups>
    <test started-at="2024-04-20T07:43:56Z" name="Default test" finished-at="2024-04-20T07:44:28Z" duration-ms="32182">
      <class name="PageObjectSecond.LoginPageObjectsForLoginTestCaseclass">
        <test-method signature="login()[pri:0, instance:PageObjectSecond.LoginPageObjectsForLoginTestCaseclass@1500b2f3]" started-at="2024-04-20T13:13:56Z" name="login" finished-at="2024-04-20T13:14:28Z" duration-ms="32088" status="PASS">
          <reporter-output>
          </reporter-output>
        </test-method> <!-- login -->
      </class> <!-- PageObjectSecond.LoginPageObjectsForLoginTestCaseclass -->
    </test> <!-- Default test -->
  </suite> <!-- Default suite -->
</testng-results>
