<?xml version="1.0" encoding="UTF-8"?>
<!-- Generated by org.testng.reporters.JUnitXMLReporter -->
<testsuite ignored="4" hostname="DESKTOP-4DTVSHD" failures="0" tests="4" name="Grouping test" time="0.322" errors="0" timestamp="2024-04-08T01:20:41 IST">
  <testcase classname="testNG.GroupingTestcasess" name="motto1" time="0.069"/>
  <testcase classname="testNG.GroupingTestcasess" name="motto2" time="0.017"/>
  <testcase classname="testNG.GroupingTestcasess" name="vivo1" time="0.012"/>
  <testcase classname="testNG.GroupingTestcasess" name="vivo2" time="0.009"/>
  <testcase classname="testNG.GroupingTestcasess" name="lenovo1" time="0.0">
    <ignored/>
  </testcase> <!-- lenovo1 -->
  <testcase classname="testNG.GroupingTestcasess" name="apple1" time="0.0">
    <ignored/>
  </testcase> <!-- apple1 -->
  <testcase classname="testNG.GroupingTestcasess" name="lenova2" time="0.0">
    <ignored/>
  </testcase> <!-- lenova2 -->
  <testcase classname="testNG.GroupingTestcasess" name="apple2" time="0.0">
    <ignored/>
  </testcase> <!-- apple2 -->
</testsuite> <!-- Grouping test -->
